<?xml version="1.0" encoding="UTF-8" ?>
<testsuite failures="0" time="1.933" errors="0" skipped="0" tests="20" name="org.springframework.social.viadeo.api.impl.UserTemplateTest">
  <properties>
    <property name="java.runtime.name" value="Java(TM) SE Runtime Environment"/>
    <property name="sun.boot.library.path" value="C:\Program Files\Java\jdk1.6.0_20\jre\bin"/>
    <property name="java.vm.version" value="16.3-b01"/>
    <property name="java.vm.vendor" value="Sun Microsystems Inc."/>
    <property name="java.vendor.url" value="http://java.sun.com/"/>
    <property name="path.separator" value=";"/>
    <property name="java.vm.name" value="Java HotSpot(TM) Client VM"/>
    <property name="file.encoding.pkg" value="sun.io"/>
    <property name="user.country" value="FR"/>
    <property name="sun.java.launcher" value="SUN_STANDARD"/>
    <property name="sun.os.patch.level" value=""/>
    <property name="java.vm.specification.name" value="Java Virtual Machine Specification"/>
    <property name="user.dir" value="D:\workspaces\myapps\spring-social-viadeo"/>
    <property name="java.runtime.version" value="1.6.0_20-b02"/>
    <property name="java.awt.graphicsenv" value="sun.awt.Win32GraphicsEnvironment"/>
    <property name="basedir" value="D:\workspaces\myapps\spring-social-viadeo"/>
    <property name="java.endorsed.dirs" value="C:\Program Files\Java\jdk1.6.0_20\jre\lib\endorsed"/>
    <property name="os.arch" value="x86"/>
    <property name="surefire.real.class.path" value="C:\Users\Vince\AppData\Local\Temp\surefirebooter7276984119886069720.jar"/>
    <property name="java.io.tmpdir" value="C:\Users\Vince\AppData\Local\Temp\"/>
    <property name="line.separator" value="
"/>
    <property name="java.vm.specification.vendor" value="Sun Microsystems Inc."/>
    <property name="user.variant" value=""/>
    <property name="os.name" value="Windows 7"/>
    <property name="sun.jnu.encoding" value="Cp1252"/>
    <property name="java.library.path" value="C:\Program Files\Java\jdk1.6.0_20\jre\bin;.;C:\Windows\Sun\Java\bin;C:\Windows\system32;C:\Windows;C:/Program Files/Java/jre6/bin/client;C:/Program Files/Java/jre6/bin;C:\Program Files\Common Files\Microsoft Shared\Windows Live;C:\Windows\system32;C:\Windows;C:\Windows\System32\Wbem;C:\Windows\System32\WindowsPowerShell\v1.0\;C:\Program Files\Common Files\DivX Shared\;C:\Program Files\apache-maven-2.2.1-bin\apache-maven-2.2.1\bin;C:\Program Files\Java\jdk1.6.0_20\bin;C:\Program Files\TortoiseSVN\bin;C:\Program Files\MySQL\MySQL Server 5.1\bin;C:\Program Files\QuickTime\QTSystem\;C:\Program Files\Windows Live\Shared"/>
    <property name="surefire.test.class.path" value="D:\workspaces\myapps\spring-social-viadeo\target\test-classes;D:\workspaces\myapps\spring-social-viadeo\target\classes;C:\Users\Vince\.m2\repository\org\springframework\social\spring-social-core\1.0.0.RC1\spring-social-core-1.0.0.RC1.jar;C:\Users\Vince\.m2\repository\org\springframework\spring-web\3.1.0.M2\spring-web-3.1.0.M2.jar;C:\Users\Vince\.m2\repository\aopalliance\aopalliance\1.0\aopalliance-1.0.jar;C:\Users\Vince\.m2\repository\org\springframework\spring-beans\3.1.0.M2\spring-beans-3.1.0.M2.jar;C:\Users\Vince\.m2\repository\org\springframework\spring-core\3.1.0.M2\spring-core-3.1.0.M2.jar;C:\Users\Vince\.m2\repository\org\springframework\spring-asm\3.1.0.M2\spring-asm-3.1.0.M2.jar;C:\Users\Vince\.m2\repository\commons-logging\commons-logging\1.1\commons-logging-1.1.jar;C:\Users\Vince\.m2\repository\org\springframework\spring-context\3.1.0.M2\spring-context-3.1.0.M2.jar;C:\Users\Vince\.m2\repository\org\springframework\spring-aop\3.1.0.M2\spring-aop-3.1.0.M2.jar;C:\Users\Vince\.m2\repository\org\springframework\spring-expression\3.1.0.M2\spring-expression-3.1.0.M2.jar;C:\Users\Vince\.m2\repository\org\springframework\social\spring-social-linkedin\1.0.0.M3\spring-social-linkedin-1.0.0.M3.jar;C:\Users\Vince\.m2\repository\org\springframework\social\spring-social-facebook\1.0.0.RC1\spring-social-facebook-1.0.0.RC1.jar;C:\Users\Vince\.m2\repository\org\codehaus\jackson\jackson-mapper-asl\1.8.2\jackson-mapper-asl-1.8.2.jar;C:\Users\Vince\.m2\repository\org\codehaus\jackson\jackson-core-asl\1.8.2\jackson-core-asl-1.8.2.jar;C:\Users\Vince\.m2\repository\org\springframework\social\spring-social-twitter\1.0.0.RC1\spring-social-twitter-1.0.0.RC1.jar;C:\Users\Vince\.m2\repository\org\slf4j\slf4j-api\1.6.1\slf4j-api-1.6.1.jar;C:\Users\Vince\.m2\repository\org\slf4j\jcl-over-slf4j\1.6.1\jcl-over-slf4j-1.6.1.jar;C:\Users\Vince\.m2\repository\org\slf4j\slf4j-log4j12\1.6.1\slf4j-log4j12-1.6.1.jar;C:\Users\Vince\.m2\repository\log4j\log4j\1.2.16\log4j-1.2.16.jar;C:\Users\Vince\.m2\repository\junit\junit\4.8.2\junit-4.8.2.jar;C:\Users\Vince\.m2\repository\org\easymock\easymock\3.0\easymock-3.0.jar;C:\Users\Vince\.m2\repository\cglib\cglib-nodep\2.2\cglib-nodep-2.2.jar;C:\Users\Vince\.m2\repository\org\objenesis\objenesis\1.2\objenesis-1.2.jar;C:\Users\Vince\.m2\repository\org\unitils\unitils-easymock\3.1\unitils-easymock-3.1.jar;C:\Users\Vince\.m2\repository\org\unitils\unitils-core\3.1\unitils-core-3.1.jar;C:\Users\Vince\.m2\repository\commons-lang\commons-lang\2.3\commons-lang-2.3.jar;C:\Users\Vince\.m2\repository\commons-collections\commons-collections\3.2\commons-collections-3.2.jar;C:\Users\Vince\.m2\repository\ognl\ognl\2.6.9\ognl-2.6.9.jar;C:\Users\Vince\.m2\repository\org\easymock\easymockclassextension\2.3\easymockclassextension-2.3.jar;C:\Users\Vince\.m2\repository\org\springframework\social\spring-social-test\1.0.0.RC1\spring-social-test-1.0.0.RC1.jar;C:\Users\Vince\.m2\repository\org\springframework\spring-test\3.1.0.M2\spring-test-3.1.0.M2.jar;"/>
    <property name="java.specification.name" value="Java Platform API Specification"/>
    <property name="java.class.version" value="50.0"/>
    <property name="sun.management.compiler" value="HotSpot Client Compiler"/>
    <property name="os.version" value="6.1"/>
    <property name="user.home" value="C:\Users\Vince"/>
    <property name="user.timezone" value="Europe/Paris"/>
    <property name="java.awt.printerjob" value="sun.awt.windows.WPrinterJob"/>
    <property name="java.specification.version" value="1.6"/>
    <property name="file.encoding" value="Cp1252"/>
    <property name="user.name" value="Vince"/>
    <property name="java.class.path" value="D:\workspaces\myapps\spring-social-viadeo\target\test-classes;D:\workspaces\myapps\spring-social-viadeo\target\classes;C:\Users\Vince\.m2\repository\org\springframework\social\spring-social-core\1.0.0.RC1\spring-social-core-1.0.0.RC1.jar;C:\Users\Vince\.m2\repository\org\springframework\spring-web\3.1.0.M2\spring-web-3.1.0.M2.jar;C:\Users\Vince\.m2\repository\aopalliance\aopalliance\1.0\aopalliance-1.0.jar;C:\Users\Vince\.m2\repository\org\springframework\spring-beans\3.1.0.M2\spring-beans-3.1.0.M2.jar;C:\Users\Vince\.m2\repository\org\springframework\spring-core\3.1.0.M2\spring-core-3.1.0.M2.jar;C:\Users\Vince\.m2\repository\org\springframework\spring-asm\3.1.0.M2\spring-asm-3.1.0.M2.jar;C:\Users\Vince\.m2\repository\commons-logging\commons-logging\1.1\commons-logging-1.1.jar;C:\Users\Vince\.m2\repository\org\springframework\spring-context\3.1.0.M2\spring-context-3.1.0.M2.jar;C:\Users\Vince\.m2\repository\org\springframework\spring-aop\3.1.0.M2\spring-aop-3.1.0.M2.jar;C:\Users\Vince\.m2\repository\org\springframework\spring-expression\3.1.0.M2\spring-expression-3.1.0.M2.jar;C:\Users\Vince\.m2\repository\org\springframework\social\spring-social-linkedin\1.0.0.M3\spring-social-linkedin-1.0.0.M3.jar;C:\Users\Vince\.m2\repository\org\springframework\social\spring-social-facebook\1.0.0.RC1\spring-social-facebook-1.0.0.RC1.jar;C:\Users\Vince\.m2\repository\org\codehaus\jackson\jackson-mapper-asl\1.8.2\jackson-mapper-asl-1.8.2.jar;C:\Users\Vince\.m2\repository\org\codehaus\jackson\jackson-core-asl\1.8.2\jackson-core-asl-1.8.2.jar;C:\Users\Vince\.m2\repository\org\springframework\social\spring-social-twitter\1.0.0.RC1\spring-social-twitter-1.0.0.RC1.jar;C:\Users\Vince\.m2\repository\org\slf4j\slf4j-api\1.6.1\slf4j-api-1.6.1.jar;C:\Users\Vince\.m2\repository\org\slf4j\jcl-over-slf4j\1.6.1\jcl-over-slf4j-1.6.1.jar;C:\Users\Vince\.m2\repository\org\slf4j\slf4j-log4j12\1.6.1\slf4j-log4j12-1.6.1.jar;C:\Users\Vince\.m2\repository\log4j\log4j\1.2.16\log4j-1.2.16.jar;C:\Users\Vince\.m2\repository\junit\junit\4.8.2\junit-4.8.2.jar;C:\Users\Vince\.m2\repository\org\easymock\easymock\3.0\easymock-3.0.jar;C:\Users\Vince\.m2\repository\cglib\cglib-nodep\2.2\cglib-nodep-2.2.jar;C:\Users\Vince\.m2\repository\org\objenesis\objenesis\1.2\objenesis-1.2.jar;C:\Users\Vince\.m2\repository\org\unitils\unitils-easymock\3.1\unitils-easymock-3.1.jar;C:\Users\Vince\.m2\repository\org\unitils\unitils-core\3.1\unitils-core-3.1.jar;C:\Users\Vince\.m2\repository\commons-lang\commons-lang\2.3\commons-lang-2.3.jar;C:\Users\Vince\.m2\repository\commons-collections\commons-collections\3.2\commons-collections-3.2.jar;C:\Users\Vince\.m2\repository\ognl\ognl\2.6.9\ognl-2.6.9.jar;C:\Users\Vince\.m2\repository\org\easymock\easymockclassextension\2.3\easymockclassextension-2.3.jar;C:\Users\Vince\.m2\repository\org\springframework\social\spring-social-test\1.0.0.RC1\spring-social-test-1.0.0.RC1.jar;C:\Users\Vince\.m2\repository\org\springframework\spring-test\3.1.0.M2\spring-test-3.1.0.M2.jar;"/>
    <property name="java.vm.specification.version" value="1.0"/>
    <property name="sun.arch.data.model" value="32"/>
    <property name="java.home" value="C:\Program Files\Java\jdk1.6.0_20\jre"/>
    <property name="java.specification.vendor" value="Sun Microsystems Inc."/>
    <property name="user.language" value="fr"/>
    <property name="awt.toolkit" value="sun.awt.windows.WToolkit"/>
    <property name="java.vm.info" value="mixed mode, sharing"/>
    <property name="java.version" value="1.6.0_20"/>
    <property name="java.ext.dirs" value="C:\Program Files\Java\jdk1.6.0_20\jre\lib\ext;C:\Windows\Sun\Java\lib\ext"/>
    <property name="sun.boot.class.path" value="C:\Program Files\Java\jdk1.6.0_20\jre\lib\resources.jar;C:\Program Files\Java\jdk1.6.0_20\jre\lib\rt.jar;C:\Program Files\Java\jdk1.6.0_20\jre\lib\sunrsasign.jar;C:\Program Files\Java\jdk1.6.0_20\jre\lib\jsse.jar;C:\Program Files\Java\jdk1.6.0_20\jre\lib\jce.jar;C:\Program Files\Java\jdk1.6.0_20\jre\lib\charsets.jar;C:\Program Files\Java\jdk1.6.0_20\jre\classes"/>
    <property name="java.vendor" value="Sun Microsystems Inc."/>
    <property name="localRepository" value="C:\Users\Vince\.m2\repository"/>
    <property name="file.separator" value="\"/>
    <property name="java.vendor.url.bug" value="http://java.sun.com/cgi-bin/bugreport.cgi"/>
    <property name="sun.cpu.endian" value="little"/>
    <property name="sun.io.unicode.encoding" value="UnicodeLittle"/>
    <property name="sun.desktop" value="windows"/>
    <property name="sun.cpu.isalist" value="pentium_pro+mmx pentium_pro pentium+mmx pentium i486 i386 i86"/>
  </properties>
  <testcase time="0.702" classname="org.springframework.social.viadeo.api.impl.UserTemplateTest" name="getCurrentUser"/>
  <testcase time="0.091" classname="org.springframework.social.viadeo.api.impl.UserTemplateTest" name="getCurrentUser_unauthorized"/>
  <testcase time="0.059" classname="org.springframework.social.viadeo.api.impl.UserTemplateTest" name="getUserProfileById"/>
  <testcase time="0.079" classname="org.springframework.social.viadeo.api.impl.UserTemplateTest" name="getCurrentContacts"/>
  <testcase time="0.043" classname="org.springframework.social.viadeo.api.impl.UserTemplateTest" name="getCurrentContacts_unauthorized"/>
  <testcase time="0.055" classname="org.springframework.social.viadeo.api.impl.UserTemplateTest" name="getContactsForId"/>
  <testcase time="0.071" classname="org.springframework.social.viadeo.api.impl.UserTemplateTest" name="getCurrentNewsFeed"/>
  <testcase time="0.043" classname="org.springframework.social.viadeo.api.impl.UserTemplateTest" name="getCurrentNewsFeed_unauthorized"/>
  <testcase time="0.075" classname="org.springframework.social.viadeo.api.impl.UserTemplateTest" name="getNewsFeedForId"/>
  <testcase time="0.048" classname="org.springframework.social.viadeo.api.impl.UserTemplateTest" name="getCurrentExperiences"/>
  <testcase time="0.046" classname="org.springframework.social.viadeo.api.impl.UserTemplateTest" name="getCurrentExperiences_unauthorized"/>
  <testcase time="0.055" classname="org.springframework.social.viadeo.api.impl.UserTemplateTest" name="getExperiencesForId"/>
  <testcase time="0.035" classname="org.springframework.social.viadeo.api.impl.UserTemplateTest" name="updateStatus_unauthorized"/>
  <testcase time="0.049" classname="org.springframework.social.viadeo.api.impl.UserTemplateTest" name="updateStatus"/>
  <testcase time="0.044" classname="org.springframework.social.viadeo.api.impl.UserTemplateTest" name="updateStatus_statusTooLong"/>
  <testcase time="0.041" classname="org.springframework.social.viadeo.api.impl.UserTemplateTest" name="search_unauthorized"/>
  <testcase time="0.041" classname="org.springframework.social.viadeo.api.impl.UserTemplateTest" name="getCurrentContactCard_unauthorized"/>
  <testcase time="0.187" classname="org.springframework.social.viadeo.api.impl.UserTemplateTest" name="getCurrentContactCards"/>
  <testcase time="0.077" classname="org.springframework.social.viadeo.api.impl.UserTemplateTest" name="getContactCardsForId"/>
  <testcase time="0.066" classname="org.springframework.social.viadeo.api.impl.UserTemplateTest" name="search"/>
</testsuite>